2024-12-15 21:42:46 [ERROR]: Error creating cart for user: 675ad7312d4e11dbe010cb82 - items is not iterable
2024-12-15 22:39:00 [ERROR]: Error creating cart for user: 675ad7312d4e11dbe010cb82 - items is not iterable
2024-12-15 22:40:04 [ERROR]: Error creating cart for user: 675ad7312d4e11dbe010cb82 - Cart validation failed: address: Path `address` is required., totalPrice: Path `totalPrice` is required., lastName: Path `lastName` is required., firstName: Path `firstName` is required., items.0.cartId: Path `cartId` is required., items.0.totalPrice: Path `totalPrice` is required., items.0.price: Path `price` is required., items.0.productName: Path `productName` is required., items.1.cartId: Path `cartId` is required., items.1.totalPrice: Path `totalPrice` is required., items.1.price: Path `price` is required., items.1.productName: Path `productName` is required.
2024-12-15 22:42:29 [ERROR]: Error creating cart for user: 675ad7312d4e11dbe010cb82 - Cart validation failed: address: Path `address` is required., totalPrice: Path `totalPrice` is required., lastName: Path `lastName` is required., firstName: Path `firstName` is required., items.0.cartId: Path `cartId` is required., items.0.totalPrice: Path `totalPrice` is required., items.0.price: Path `price` is required., items.0.productName: Path `productName` is required., items.1.cartId: Path `cartId` is required., items.1.totalPrice: Path `totalPrice` is required., items.1.price: Path `price` is required., items.1.productName: Path `productName` is required.
2024-12-15 22:54:58 [ERROR]: Error creating cart for user: 675ad7312d4e11dbe010cb82 - Cart validation failed: address: Path `address` is required., totalPrice: Path `totalPrice` is required., lastName: Path `lastName` is required., firstName: Path `firstName` is required., items.0.cartId: Path `cartId` is required., items.0.totalPrice: Path `totalPrice` is required., items.0.price: Path `price` is required., items.0.productName: Path `productName` is required., items.1.cartId: Path `cartId` is required., items.1.totalPrice: Path `totalPrice` is required., items.1.price: Path `price` is required., items.1.productName: Path `productName` is required.
2024-12-15 23:08:57 [ERROR]: Error creating cart for user: 675ad7312d4e11dbe010cb82 - Cart validation failed: items.0.totalPrice: Cast to Number failed for value "NaN" (type number) at path "totalPrice", items.1.totalPrice: Cast to Number failed for value "NaN" (type number) at path "totalPrice", totalPrice: Cast to Number failed for value "NaN" (type number) at path "totalPrice", address: Path `address` is required., items.0.productName: Path `productName` is required., items.0.price: Path `price` is required., items.0.cartId: Path `cartId` is required., items.1.productName: Path `productName` is required., items.1.price: Path `price` is required., items.1.cartId: Path `cartId` is required.
2024-12-15 23:14:05 [ERROR]: Error creating cart for user: 675ad7312d4e11dbe010cb82 - Cart validation failed: address: Path `address` is required., items.0.price: Path `price` is required., items.0.cartId: Path `cartId` is required., items.1.cartId: Path `cartId` is required.
2024-12-15 23:18:32 [ERROR]: Error creating cart for user: 675ad7312d4e11dbe010cb82 - Cart validation failed: address: Path `address` is required., items.0.cartId: Path `cartId` is required., items.0.price: Path `price` is required., items.1.cartId: Path `cartId` is required.
2024-12-15 23:24:46 [ERROR]: Error creating cart for user: 675ad7312d4e11dbe010cb82 - Cart validation failed: address: Path `address` is required., items.0.cartId: Path `cartId` is required., items.0.price: Path `price` is required., items.1.cartId: Path `cartId` is required.
2024-12-15 23:26:52 [ERROR]: Error creating cart for user: 675ad7312d4e11dbe010cb82 - Cart validation failed: address: Path `address` is required., items.0.price: Path `price` is required.
2024-12-15 23:36:45 [ERROR]: Error creating cart for user: 675ad7312d4e11dbe010cb82 - Cart validation failed: address: Path `address` is required., items.0.cartId: Path `cartId` is required., items.0.price: Path `price` is required., items.1.cartId: Path `cartId` is required.
2024-12-15 23:40:14 [ERROR]: Error creating cart for user: 675ad7312d4e11dbe010cb82 - Cart validation failed: address: Path `address` is required., items.0.cartId: Path `cartId` is required., items.0.totalPrice: Path `totalPrice` is required., items.0.price: Path `price` is required., items.1.cartId: Path `cartId` is required., items.1.totalPrice: Path `totalPrice` is required.
2024-12-15 23:41:17 [ERROR]: Error creating cart for user: 675ad7312d4e11dbe010cb82 - Cart validation failed: address: Path `address` is required., items.0.cartId: Path `cartId` is required., items.0.totalPrice: Path `totalPrice` is required., items.0.price: Path `price` is required., items.1.cartId: Path `cartId` is required., items.1.totalPrice: Path `totalPrice` is required.
2024-12-15 23:43:19 [ERROR]: Error creating cart for user: 675ad7312d4e11dbe010cb82 - Cart validation failed: address: Path `address` is required., items.0.price: Path `price` is required., items.0.cartId: Path `cartId` is required., items.1.cartId: Path `cartId` is required.
2024-12-15 23:44:53 [ERROR]: Error creating cart for user: 675ad7312d4e11dbe010cb82 - Cart validation failed: address: Path `address` is required., items.0.totalPrice: Path `totalPrice` is required., items.0.price: Path `price` is required., items.0.cartId: Path `cartId` is required., items.1.totalPrice: Path `totalPrice` is required., items.1.cartId: Path `cartId` is required.
2024-12-15 23:47:31 [ERROR]: Error creating cart for user: 675ad7312d4e11dbe010cb82 - Cart validation failed: address: Path `address` is required., cartId: Path `cartId` is required., items.0.totalPrice: Path `totalPrice` is required., items.1.totalPrice: Path `totalPrice` is required.
